  CSim.cpp
  Backgrid.cpp
  Geometry.cpp
  Transform.cpp
H:\Data\C++\CircSim\src\geometry\Geometry.h(8,10): error C1083:  Cannot open include file: 'gl/glew.h': No such file or directory
  main.cpp
H:\Data\C++\CircSim\src\geometry\Transform.h(2,10): error C1083:  Cannot open include file: 'glm/glm.hpp': No such file or directory
  Node.cpp
  Registry.cpp
H:\Data\C++\CircSim\src\util\loader.h(6,10): error C1083:  Cannot open include file: 'gl/glew.h': No such file or directory
  Camera.cpp
  GLWrapper.cpp
H:\Data\C++\CircSim\src\geometry\Geometry.h(8,10): error C1083:  Cannot open include file: 'gl/glew.h': No such file or directory
  Program.cpp
H:\Data\C++\CircSim\src\util\loader.h(6,10): error C1083:  Cannot open include file: 'gl/glew.h': No such file or directory
  Renderer.cpp
H:\Data\C++\CircSim\src\util\loader.h(6,10): error C1083:  Cannot open include file: 'gl/glew.h': No such file or directory
  Playing.cpp
H:\Data\C++\CircSim\src\geometry\Transform.h(2,10): error C1083:  Cannot open include file: 'glm/glm.hpp': No such file or directory
  loader.cpp
H:\Data\C++\CircSim\src\util\loader.h(6,10): error C1083:  Cannot open include file: 'gl/glew.h': No such file or directory
H:\Data\C++\CircSim\src\util\loader.h(6,10): error C1083:  Cannot open include file: 'gl/glew.h': No such file or directory
